0 info it worked if it ends with ok
1 verbose cli [ 'C:\\Program Files\\nodejs\\node.exe',
1 verbose cli   'C:\\Users\\yazen\\AppData\\Roaming\\npm\\node_modules\\npm\\bin\\npm-cli.js',
1 verbose cli   'start' ]
2 info using npm@3.10.10
3 info using node@v8.9.1
4 verbose run-script [ 'prestart', 'start', 'poststart' ]
5 info lifecycle TicTackToe@1.0.0~prestart: TicTackToe@1.0.0
6 silly lifecycle TicTackToe@1.0.0~prestart: no script for prestart, continuing
7 info lifecycle TicTackToe@1.0.0~start: TicTackToe@1.0.0
8 verbose lifecycle TicTackToe@1.0.0~start: unsafe-perm in lifecycle true
9 verbose lifecycle TicTackToe@1.0.0~start: PATH: C:\Users\yazen\AppData\Roaming\npm\node_modules\npm\bin\node-gyp-bin;C:\projects\hyfp\tictactoepr\node_modules\.bin;C:\Users\yazen\bin;C:\Program Files\Git\mingw64\bin;C:\Program Files\Git\usr\local\bin;C:\Program Files\Git\usr\bin;C:\Program Files\Git\usr\bin;C:\Program Files\Git\mingw64\bin;C:\Program Files\Git\usr\bin;C:\Users\yazen\bin;C:\Program Files (x86)\Common Files\Intel\Shared Libraries\redist\intel64\compiler;C:\ProgramData\Oracle\Java\javapath;C:\WINDOWS\system32;C:\WINDOWS;C:\WINDOWS\System32\Wbem;C:\WINDOWS\System32\WindowsPowerShell\v1.0;C:\Program Files (x86)\Microsoft SQL Server\100\Tools\Binn;C:\Program Files\Microsoft SQL Server\100\Tools\Binn;C:\Program Files\Microsoft SQL Server\100\DTS\Binn;C:\Program Files\Microsoft\Web Platform Installer;C:\Program Files (x86)\Microsoft ASP.NET\ASP.NET Web Pages\v1.0;C:\Program Files\Microsoft SQL Server\110\Tools\Binn;C:\WINDOWS\SysWOW64;C:\Program Files\Git\cmd;C:\Program Files (x86)\Brackets\command;C:\Program Files\nodejs;C:\Program Files\MongoDB\Server\3.4\bin;C:\Program Files (x86)\Microsoft VS Code\bin;C:\Users\yazen\AppData\Roaming\npm;C:\Program Files\Git\usr\bin\vendor_perl;C:\Program Files\Git\usr\bin\core_perl
10 verbose lifecycle TicTackToe@1.0.0~start: CWD: C:\projects\hyfp\tictactoepr
11 silly lifecycle TicTackToe@1.0.0~start: Args: [ '/d /s /c', 'node app.js' ]
12 silly lifecycle TicTackToe@1.0.0~start: Returned: code: 1  signal: null
13 info lifecycle TicTackToe@1.0.0~start: Failed to exec start script
14 verbose stack Error: TicTackToe@1.0.0 start: `node app.js`
14 verbose stack Exit status 1
14 verbose stack     at EventEmitter.<anonymous> (C:\Users\yazen\AppData\Roaming\npm\node_modules\npm\lib\utils\lifecycle.js:255:16)
14 verbose stack     at emitTwo (events.js:126:13)
14 verbose stack     at EventEmitter.emit (events.js:214:7)
14 verbose stack     at ChildProcess.<anonymous> (C:\Users\yazen\AppData\Roaming\npm\node_modules\npm\lib\utils\spawn.js:40:14)
14 verbose stack     at emitTwo (events.js:126:13)
14 verbose stack     at ChildProcess.emit (events.js:214:7)
14 verbose stack     at maybeClose (internal/child_process.js:925:16)
14 verbose stack     at Process.ChildProcess._handle.onexit (internal/child_process.js:209:5)
15 verbose pkgid TicTackToe@1.0.0
16 verbose cwd C:\projects\hyfp\tictactoepr
17 error Windows_NT 10.0.15063
18 error argv "C:\\Program Files\\nodejs\\node.exe" "C:\\Users\\yazen\\AppData\\Roaming\\npm\\node_modules\\npm\\bin\\npm-cli.js" "start"
19 error node v8.9.1
20 error npm  v3.10.10
21 error code ELIFECYCLE
22 error TicTackToe@1.0.0 start: `node app.js`
22 error Exit status 1
23 error Failed at the TicTackToe@1.0.0 start script 'node app.js'.
23 error Make sure you have the latest version of node.js and npm installed.
23 error If you do, this is most likely a problem with the TicTackToe package,
23 error not with npm itself.
23 error Tell the author that this fails on your system:
23 error     node app.js
23 error You can get information on how to open an issue for this project with:
23 error     npm bugs TicTackToe
23 error Or if that isn't available, you can get their info via:
23 error     npm owner ls TicTackToe
23 error There is likely additional logging output above.
24 verbose exit [ 1, true ]
